#! /usr/local/bin/vvp
:ivl_version "13.0 (devel)" "(s20221226-372-g9a0ce046c)";
:ivl_delay_selection "TYPICAL";
:vpi_time_precision - 9;
:vpi_module "/usr/local/lib/ivl/system.vpi";
:vpi_module "/usr/local/lib/ivl/vhdl_sys.vpi";
:vpi_module "/usr/local/lib/ivl/vhdl_textio.vpi";
:vpi_module "/usr/local/lib/ivl/v2005_math.vpi";
:vpi_module "/usr/local/lib/ivl/va_math.vpi";
S_0x5564e64a8c10 .scope module, "testbench" "testbench" 2 3;
 .timescale -9 -9;
v0x5564e64c0be0_0 .var "clk", 0 0;
v0x5564e64c0ca0_0 .var "din", 31 0;
v0x5564e64c0d40_0 .net "dout", 31 0, L_0x5564e64c0f50;  1 drivers
v0x5564e64c0de0_0 .net "parity", 3 0, L_0x5564e64c1010;  1 drivers
v0x5564e64c0eb0_0 .var "rst_n", 0 0;
S_0x5564e64a8da0 .scope module, "dut" "parity" 2 11, 3 3 0, S_0x5564e64a8c10;
 .timescale -9 -9;
    .port_info 0 /INPUT 1 "clk";
    .port_info 1 /INPUT 1 "rst_n";
    .port_info 2 /INPUT 32 "din";
    .port_info 3 /OUTPUT 32 "dout";
    .port_info 4 /OUTPUT 4 "parity";
L_0x5564e64c0f50 .functor BUFZ 32, v0x5564e64c0380_0, C4<00000000000000000000000000000000>, C4<00000000000000000000000000000000>, C4<00000000000000000000000000000000>;
L_0x5564e64c1010 .functor BUFZ 4, v0x5564e64c09a0_0, C4<0000>, C4<0000>, C4<0000>;
v0x5564e64a8fe0_0 .net "Q0", 7 0, L_0x5564e64c10d0;  1 drivers
v0x5564e64bfe30_0 .net "Q1", 7 0, L_0x5564e64c11f0;  1 drivers
v0x5564e64bff10_0 .net "Q2", 7 0, L_0x5564e64c1290;  1 drivers
v0x5564e64bffd0_0 .net "Q3", 7 0, L_0x5564e64c1360;  1 drivers
v0x5564e64c00b0_0 .net "clk", 0 0, v0x5564e64c0be0_0;  1 drivers
v0x5564e64c01c0_0 .net "din", 31 0, v0x5564e64c0ca0_0;  1 drivers
v0x5564e64c02a0_0 .net "dout", 31 0, L_0x5564e64c0f50;  alias, 1 drivers
v0x5564e64c0380_0 .var "dout_reg", 31 0;
v0x5564e64c0460_0 .var/i "i", 31 0;
v0x5564e64c0540_0 .var/i "onesQ0", 31 0;
v0x5564e64c0620_0 .var/i "onesQ1", 31 0;
v0x5564e64c0700_0 .var/i "onesQ2", 31 0;
v0x5564e64c07e0_0 .var/i "onesQ3", 31 0;
v0x5564e64c08c0_0 .net "parity", 3 0, L_0x5564e64c1010;  alias, 1 drivers
v0x5564e64c09a0_0 .var "parity_reg", 3 0;
v0x5564e64c0a80_0 .net "rst_n", 0 0, v0x5564e64c0eb0_0;  1 drivers
E_0x5564e64a4e80 .event posedge, v0x5564e64c00b0_0;
L_0x5564e64c10d0 .part v0x5564e64c0ca0_0, 0, 8;
L_0x5564e64c11f0 .part v0x5564e64c0ca0_0, 8, 8;
L_0x5564e64c1290 .part v0x5564e64c0ca0_0, 16, 8;
L_0x5564e64c1360 .part v0x5564e64c0ca0_0, 24, 8;
    .scope S_0x5564e64a8da0;
T_0 ;
    %wait E_0x5564e64a4e80;
    %load/vec4 v0x5564e64c0a80_0;
    %nor/r;
    %flag_set/vec4 8;
    %jmp/0xz  T_0.0, 8;
    %pushi/vec4 0, 0, 32;
    %assign/vec4 v0x5564e64c0380_0, 0;
    %pushi/vec4 0, 0, 4;
    %assign/vec4 v0x5564e64c09a0_0, 0;
    %jmp T_0.1;
T_0.0 ;
    %load/vec4 v0x5564e64c01c0_0;
    %assign/vec4 v0x5564e64c0380_0, 0;
    %pushi/vec4 0, 0, 32;
    %store/vec4 v0x5564e64c0540_0, 0, 32;
    %pushi/vec4 0, 0, 32;
    %store/vec4 v0x5564e64c0620_0, 0, 32;
    %pushi/vec4 0, 0, 32;
    %store/vec4 v0x5564e64c0700_0, 0, 32;
    %pushi/vec4 0, 0, 32;
    %store/vec4 v0x5564e64c07e0_0, 0, 32;
    %pushi/vec4 0, 0, 32;
    %store/vec4 v0x5564e64c0460_0, 0, 32;
T_0.2 ; Top of for-loop 
    %load/vec4 v0x5564e64c0460_0;
    %cmpi/s 8, 0, 32;
    %jmp/0xz T_0.3, 5;
    %load/vec4 v0x5564e64c0540_0;
    %load/vec4 v0x5564e64a8fe0_0;
    %load/vec4 v0x5564e64c0460_0;
    %part/s 1;
    %pad/u 32;
    %add;
    %store/vec4 v0x5564e64c0540_0, 0, 32;
    %load/vec4 v0x5564e64c0620_0;
    %load/vec4 v0x5564e64bfe30_0;
    %load/vec4 v0x5564e64c0460_0;
    %part/s 1;
    %pad/u 32;
    %add;
    %store/vec4 v0x5564e64c0620_0, 0, 32;
    %load/vec4 v0x5564e64c0700_0;
    %load/vec4 v0x5564e64bff10_0;
    %load/vec4 v0x5564e64c0460_0;
    %part/s 1;
    %pad/u 32;
    %add;
    %store/vec4 v0x5564e64c0700_0, 0, 32;
    %load/vec4 v0x5564e64c07e0_0;
    %load/vec4 v0x5564e64bffd0_0;
    %load/vec4 v0x5564e64c0460_0;
    %part/s 1;
    %pad/u 32;
    %add;
    %store/vec4 v0x5564e64c07e0_0, 0, 32;
T_0.4 ; for-loop step statement
    ; show_stmt_assign_vector: Get l-value for compressed += operand
    %load/vec4 v0x5564e64c0460_0;
    %pushi/vec4 1, 0, 32;
    %add;
    %store/vec4 v0x5564e64c0460_0, 0, 32;
    %jmp T_0.2;
T_0.3 ; for-loop exit label
    %load/vec4 v0x5564e64c0540_0;
    %pushi/vec4 2, 0, 32;
    %mod/s;
    %pad/s 1;
    %ix/load 4, 0, 0;
    %flag_set/imm 4, 0;
    %store/vec4 v0x5564e64c09a0_0, 4, 1;
    %load/vec4 v0x5564e64c0620_0;
    %pushi/vec4 2, 0, 32;
    %mod/s;
    %pad/s 1;
    %ix/load 4, 1, 0;
    %flag_set/imm 4, 0;
    %store/vec4 v0x5564e64c09a0_0, 4, 1;
    %load/vec4 v0x5564e64c0700_0;
    %pushi/vec4 2, 0, 32;
    %mod/s;
    %pad/s 1;
    %ix/load 4, 2, 0;
    %flag_set/imm 4, 0;
    %store/vec4 v0x5564e64c09a0_0, 4, 1;
    %load/vec4 v0x5564e64c07e0_0;
    %pushi/vec4 2, 0, 32;
    %mod/s;
    %pad/s 1;
    %ix/load 4, 3, 0;
    %flag_set/imm 4, 0;
    %store/vec4 v0x5564e64c09a0_0, 4, 1;
T_0.1 ;
    %jmp T_0;
    .thread T_0;
    .scope S_0x5564e64a8c10;
T_1 ;
    %pushi/vec4 0, 0, 1;
    %store/vec4 v0x5564e64c0be0_0, 0, 1;
    %delay 10, 0;
    %pushi/vec4 1, 0, 1;
    %store/vec4 v0x5564e64c0be0_0, 0, 1;
    %delay 5, 0;
    %vpi_func 2 18 "$random" 32 {0 0 0};
    %store/vec4 v0x5564e64c0ca0_0, 0, 32;
    %delay 5, 0;
    %jmp T_1;
    .thread T_1;
    .scope S_0x5564e64a8c10;
T_2 ;
    %vpi_call 2 23 "$dumpvars", 32'sb00000000000000000000000000000000, S_0x5564e64a8c10 {0 0 0};
    %pushi/vec4 0, 0, 1;
    %store/vec4 v0x5564e64c0eb0_0, 0, 1;
    %delay 100, 0;
    %pushi/vec4 1, 0, 1;
    %store/vec4 v0x5564e64c0eb0_0, 0, 1;
    %delay 800, 0;
    %vpi_call 2 27 "$finish" {0 0 0};
    %end;
    .thread T_2;
# The file index is used to find the file name in the following table.
:file_names 4;
    "N/A";
    "<interactive>";
    "tb.v";
    "./parity.v";
