#! /usr/local/bin/vvp
:ivl_version "13.0 (devel)" "(s20221226-372-g9a0ce046c)";
:ivl_delay_selection "TYPICAL";
:vpi_time_precision - 9;
:vpi_module "/usr/local/lib/ivl/system.vpi";
:vpi_module "/usr/local/lib/ivl/vhdl_sys.vpi";
:vpi_module "/usr/local/lib/ivl/vhdl_textio.vpi";
:vpi_module "/usr/local/lib/ivl/v2005_math.vpi";
:vpi_module "/usr/local/lib/ivl/va_math.vpi";
S_0x55bc21065a50 .scope module, "testbench" "testbench" 2 3;
 .timescale -9 -9;
v0x55bc2107a5a0_0 .var "clk", 0 0;
v0x55bc2107a660_0 .var "din", 0 0;
v0x55bc2107a730_0 .net "dout", 7 0, L_0x55bc2107a9f0;  1 drivers
v0x55bc2107a830_0 .var "rst_n", 0 0;
v0x55bc2107a900_0 .net "vldout", 0 0, L_0x55bc2107aab0;  1 drivers
S_0x55bc21065be0 .scope module, "dut" "ser2par" 2 11, 3 3 0, S_0x55bc21065a50;
 .timescale -9 -9;
    .port_info 0 /INPUT 1 "clk";
    .port_info 1 /INPUT 1 "rst_n";
    .port_info 2 /INPUT 1 "din";
    .port_info 3 /OUTPUT 8 "dout";
    .port_info 4 /OUTPUT 1 "vldout";
L_0x55bc2107a9f0 .functor BUFZ 8, v0x55bc2107a010_0, C4<00000000>, C4<00000000>, C4<00000000>;
L_0x55bc2107aab0 .functor BUFZ 1, v0x55bc2107a380_0, C4<0>, C4<0>, C4<0>;
v0x55bc21052480_0 .net "clk", 0 0, v0x55bc2107a5a0_0;  1 drivers
v0x55bc21079f30_0 .var/i "count", 31 0;
v0x55bc2107a010_0 .var "data_out", 7 0;
v0x55bc2107a0d0_0 .net "din", 0 0, v0x55bc2107a660_0;  1 drivers
v0x55bc2107a190_0 .net "dout", 7 0, L_0x55bc2107a9f0;  alias, 1 drivers
v0x55bc2107a2c0_0 .net "rst_n", 0 0, v0x55bc2107a830_0;  1 drivers
v0x55bc2107a380_0 .var "valid_data", 0 0;
v0x55bc2107a440_0 .net "vldout", 0 0, L_0x55bc2107aab0;  alias, 1 drivers
E_0x55bc21061980 .event posedge, v0x55bc21052480_0;
    .scope S_0x55bc21065be0;
T_0 ;
    %pushi/vec4 0, 0, 32;
    %store/vec4 v0x55bc21079f30_0, 0, 32;
    %end;
    .thread T_0;
    .scope S_0x55bc21065be0;
T_1 ;
    %wait E_0x55bc21061980;
    %load/vec4 v0x55bc2107a2c0_0;
    %nor/r;
    %flag_set/vec4 8;
    %jmp/0xz  T_1.0, 8;
    %pushi/vec4 0, 0, 8;
    %assign/vec4 v0x55bc2107a010_0, 0;
    %pushi/vec4 0, 0, 1;
    %assign/vec4 v0x55bc2107a380_0, 0;
    %pushi/vec4 0, 0, 32;
    %store/vec4 v0x55bc21079f30_0, 0, 32;
    %jmp T_1.1;
T_1.0 ;
    ; show_stmt_assign_vector: Get l-value for compressed += operand
    %load/vec4 v0x55bc21079f30_0;
    %pushi/vec4 1, 0, 32;
    %add;
    %store/vec4 v0x55bc21079f30_0, 0, 32;
    %load/vec4 v0x55bc21079f30_0;
    %cmpi/e 8, 0, 32;
    %jmp/0xz  T_1.2, 4;
    %pushi/vec4 0, 0, 32;
    %store/vec4 v0x55bc21079f30_0, 0, 32;
    %load/vec4 v0x55bc2107a010_0;
    %parti/s 7, 0, 2;
    %load/vec4 v0x55bc2107a0d0_0;
    %concat/vec4; draw_concat_vec4
    %assign/vec4 v0x55bc2107a010_0, 0;
    %pushi/vec4 1, 0, 1;
    %assign/vec4 v0x55bc2107a380_0, 0;
    %jmp T_1.3;
T_1.2 ;
    %load/vec4 v0x55bc2107a380_0;
    %pad/u 32;
    %cmpi/e 1, 0, 32;
    %jmp/0xz  T_1.4, 4;
    %pushi/vec4 0, 0, 1;
    %assign/vec4 v0x55bc2107a380_0, 0;
    %pushi/vec4 0, 0, 7;
    %load/vec4 v0x55bc2107a0d0_0;
    %concat/vec4; draw_concat_vec4
    %assign/vec4 v0x55bc2107a010_0, 0;
    %jmp T_1.5;
T_1.4 ;
    %load/vec4 v0x55bc2107a010_0;
    %parti/s 7, 0, 2;
    %load/vec4 v0x55bc2107a0d0_0;
    %concat/vec4; draw_concat_vec4
    %assign/vec4 v0x55bc2107a010_0, 0;
T_1.5 ;
T_1.3 ;
T_1.1 ;
    %jmp T_1;
    .thread T_1;
    .scope S_0x55bc21065a50;
T_2 ;
    %pushi/vec4 0, 0, 1;
    %store/vec4 v0x55bc2107a5a0_0, 0, 1;
    %delay 10, 0;
    %pushi/vec4 1, 0, 1;
    %store/vec4 v0x55bc2107a5a0_0, 0, 1;
    %delay 5, 0;
    %vpi_func 2 18 "$random" 32 {0 0 0};
    %pad/s 1;
    %store/vec4 v0x55bc2107a660_0, 0, 1;
    %delay 5, 0;
    %jmp T_2;
    .thread T_2;
    .scope S_0x55bc21065a50;
T_3 ;
    %vpi_call 2 23 "$dumpvars", 32'sb00000000000000000000000000000000, S_0x55bc21065a50 {0 0 0};
    %pushi/vec4 0, 0, 1;
    %store/vec4 v0x55bc2107a830_0, 0, 1;
    %delay 100, 0;
    %pushi/vec4 1, 0, 1;
    %store/vec4 v0x55bc2107a830_0, 0, 1;
    %delay 800, 0;
    %vpi_call 2 27 "$finish" {0 0 0};
    %end;
    .thread T_3;
# The file index is used to find the file name in the following table.
:file_names 4;
    "N/A";
    "<interactive>";
    "test2.v";
    "./ser2par.v";
