#! /usr/local/bin/vvp
:ivl_version "13.0 (devel)" "(s20221226-372-g9a0ce046c)";
:ivl_delay_selection "TYPICAL";
:vpi_time_precision - 9;
:vpi_module "/usr/local/lib/ivl/system.vpi";
:vpi_module "/usr/local/lib/ivl/vhdl_sys.vpi";
:vpi_module "/usr/local/lib/ivl/vhdl_textio.vpi";
:vpi_module "/usr/local/lib/ivl/v2005_math.vpi";
:vpi_module "/usr/local/lib/ivl/va_math.vpi";
:vpi_module "/usr/local/lib/ivl/v2009.vpi";
S_0x55c3c43a6e40 .scope package, "$unit" "$unit" 2 1;
 .timescale 0 0;
S_0x55c3c43a6fd0 .scope module, "testbench" "testbench" 3 1;
 .timescale 0 0;
v0x55c3c4407740_0 .var "din", 3 0;
v0x55c3c4407830_0 .net "dout", 3 0, v0x55c3c4407520_0;  1 drivers
v0x55c3c4407900_0 .var "select", 4 0;
S_0x55c3c43d7e20 .scope module, "dut" "busPermutator" 3 20, 4 3 0, S_0x55c3c43a6fd0;
 .timescale -9 -9;
    .port_info 0 /INPUT 4 "din";
    .port_info 1 /INPUT 5 "select";
    .port_info 2 /OUTPUT 4 "dout";
v0x55c3c43d8020_0 .net "din", 3 0, v0x55c3c4407740_0;  1 drivers
v0x55c3c4407520_0 .var "dout", 3 0;
v0x55c3c4407600_0 .net "select", 4 0, v0x55c3c4407900_0;  1 drivers
E_0x55c3c43e2030 .event anyedge, v0x55c3c4407600_0, v0x55c3c43d8020_0;
    .scope S_0x55c3c43d7e20;
T_0 ;
    %wait E_0x55c3c43e2030;
    %load/vec4 v0x55c3c4407600_0;
    %dup/vec4;
    %pushi/vec4 4, 0, 5;
    %cmp/u;
    %jmp/1 T_0.0, 6;
    %dup/vec4;
    %pushi/vec4 5, 0, 5;
    %cmp/u;
    %jmp/1 T_0.1, 6;
    %dup/vec4;
    %pushi/vec4 6, 0, 5;
    %cmp/u;
    %jmp/1 T_0.2, 6;
    %dup/vec4;
    %pushi/vec4 7, 0, 5;
    %cmp/u;
    %jmp/1 T_0.3, 6;
    %dup/vec4;
    %pushi/vec4 8, 0, 5;
    %cmp/u;
    %jmp/1 T_0.4, 6;
    %dup/vec4;
    %pushi/vec4 9, 0, 5;
    %cmp/u;
    %jmp/1 T_0.5, 6;
    %dup/vec4;
    %pushi/vec4 10, 0, 5;
    %cmp/u;
    %jmp/1 T_0.6, 6;
    %dup/vec4;
    %pushi/vec4 11, 0, 5;
    %cmp/u;
    %jmp/1 T_0.7, 6;
    %dup/vec4;
    %pushi/vec4 12, 0, 5;
    %cmp/u;
    %jmp/1 T_0.8, 6;
    %dup/vec4;
    %pushi/vec4 13, 0, 5;
    %cmp/u;
    %jmp/1 T_0.9, 6;
    %dup/vec4;
    %pushi/vec4 14, 0, 5;
    %cmp/u;
    %jmp/1 T_0.10, 6;
    %dup/vec4;
    %pushi/vec4 15, 0, 5;
    %cmp/u;
    %jmp/1 T_0.11, 6;
    %dup/vec4;
    %pushi/vec4 16, 0, 5;
    %cmp/u;
    %jmp/1 T_0.12, 6;
    %dup/vec4;
    %pushi/vec4 17, 0, 5;
    %cmp/u;
    %jmp/1 T_0.13, 6;
    %dup/vec4;
    %pushi/vec4 18, 0, 5;
    %cmp/u;
    %jmp/1 T_0.14, 6;
    %dup/vec4;
    %pushi/vec4 19, 0, 5;
    %cmp/u;
    %jmp/1 T_0.15, 6;
    %dup/vec4;
    %pushi/vec4 20, 0, 5;
    %cmp/u;
    %jmp/1 T_0.16, 6;
    %dup/vec4;
    %pushi/vec4 21, 0, 5;
    %cmp/u;
    %jmp/1 T_0.17, 6;
    %dup/vec4;
    %pushi/vec4 22, 0, 5;
    %cmp/u;
    %jmp/1 T_0.18, 6;
    %dup/vec4;
    %pushi/vec4 23, 0, 5;
    %cmp/u;
    %jmp/1 T_0.19, 6;
    %dup/vec4;
    %pushi/vec4 24, 0, 5;
    %cmp/u;
    %jmp/1 T_0.20, 6;
    %dup/vec4;
    %pushi/vec4 25, 0, 5;
    %cmp/u;
    %jmp/1 T_0.21, 6;
    %dup/vec4;
    %pushi/vec4 26, 0, 5;
    %cmp/u;
    %jmp/1 T_0.22, 6;
    %dup/vec4;
    %pushi/vec4 27, 0, 5;
    %cmp/u;
    %jmp/1 T_0.23, 6;
    %dup/vec4;
    %pushi/vec4 28, 0, 5;
    %cmp/u;
    %jmp/1 T_0.24, 6;
    %load/vec4 v0x55c3c43d8020_0;
    %store/vec4 v0x55c3c4407520_0, 0, 4;
    %jmp T_0.26;
T_0.0 ;
    %load/vec4 v0x55c3c43d8020_0;
    %parti/s 1, 0, 2;
    %load/vec4 v0x55c3c43d8020_0;
    %parti/s 3, 1, 2;
    %concat/vec4; draw_concat_vec4
    %store/vec4 v0x55c3c4407520_0, 0, 4;
    %jmp T_0.26;
T_0.1 ;
    %load/vec4 v0x55c3c43d8020_0;
    %parti/s 1, 0, 2;
    %load/vec4 v0x55c3c43d8020_0;
    %parti/s 2, 1, 2;
    %concat/vec4; draw_concat_vec4
    %load/vec4 v0x55c3c43d8020_0;
    %parti/s 1, 3, 3;
    %concat/vec4; draw_concat_vec4
    %store/vec4 v0x55c3c4407520_0, 0, 4;
    %jmp T_0.26;
T_0.2 ;
    %load/vec4 v0x55c3c43d8020_0;
    %parti/s 3, 0, 2;
    %load/vec4 v0x55c3c43d8020_0;
    %parti/s 1, 3, 3;
    %concat/vec4; draw_concat_vec4
    %store/vec4 v0x55c3c4407520_0, 0, 4;
    %jmp T_0.26;
T_0.3 ;
    %load/vec4 v0x55c3c43d8020_0;
    %parti/s 2, 0, 2;
    %load/vec4 v0x55c3c43d8020_0;
    %parti/s 2, 2, 3;
    %concat/vec4; draw_concat_vec4
    %store/vec4 v0x55c3c4407520_0, 0, 4;
    %jmp T_0.26;
T_0.4 ;
    %load/vec4 v0x55c3c43d8020_0;
    %parti/s 1, 1, 2;
    %load/vec4 v0x55c3c43d8020_0;
    %parti/s 2, 2, 3;
    %concat/vec4; draw_concat_vec4
    %load/vec4 v0x55c3c43d8020_0;
    %parti/s 1, 0, 2;
    %concat/vec4; draw_concat_vec4
    %store/vec4 v0x55c3c4407520_0, 0, 4;
    %jmp T_0.26;
T_0.5 ;
    %load/vec4 v0x55c3c43d8020_0;
    %parti/s 1, 2, 3;
    %load/vec4 v0x55c3c43d8020_0;
    %parti/s 1, 3, 3;
    %concat/vec4; draw_concat_vec4
    %load/vec4 v0x55c3c43d8020_0;
    %parti/s 2, 0, 2;
    %concat/vec4; draw_concat_vec4
    %store/vec4 v0x55c3c4407520_0, 0, 4;
    %jmp T_0.26;
T_0.6 ;
    %load/vec4 v0x55c3c43d8020_0;
    %parti/s 1, 1, 2;
    %load/vec4 v0x55c3c43d8020_0;
    %parti/s 1, 0, 2;
    %concat/vec4; draw_concat_vec4
    %load/vec4 v0x55c3c43d8020_0;
    %parti/s 2, 2, 3;
    %concat/vec4; draw_concat_vec4
    %store/vec4 v0x55c3c4407520_0, 0, 4;
    %jmp T_0.26;
T_0.7 ;
    %load/vec4 v0x55c3c43d8020_0;
    %parti/s 1, 0, 2;
    %load/vec4 v0x55c3c43d8020_0;
    %parti/s 1, 1, 2;
    %concat/vec4; draw_concat_vec4
    %load/vec4 v0x55c3c43d8020_0;
    %parti/s 1, 2, 3;
    %concat/vec4; draw_concat_vec4
    %load/vec4 v0x55c3c43d8020_0;
    %parti/s 1, 3, 3;
    %concat/vec4; draw_concat_vec4
    %store/vec4 v0x55c3c4407520_0, 0, 4;
    %jmp T_0.26;
T_0.8 ;
    %load/vec4 v0x55c3c43d8020_0;
    %parti/s 1, 0, 2;
    %load/vec4 v0x55c3c43d8020_0;
    %parti/s 2, 1, 2;
    %concat/vec4; draw_concat_vec4
    %load/vec4 v0x55c3c43d8020_0;
    %parti/s 1, 3, 3;
    %concat/vec4; draw_concat_vec4
    %store/vec4 v0x55c3c4407520_0, 0, 4;
    %jmp T_0.26;
T_0.9 ;
    %load/vec4 v0x55c3c43d8020_0;
    %parti/s 2, 2, 3;
    %load/vec4 v0x55c3c43d8020_0;
    %parti/s 2, 0, 2;
    %concat/vec4; draw_concat_vec4
    %store/vec4 v0x55c3c4407520_0, 0, 4;
    %jmp T_0.26;
T_0.10 ;
    %load/vec4 v0x55c3c43d8020_0;
    %parti/s 1, 2, 3;
    %load/vec4 v0x55c3c43d8020_0;
    %parti/s 1, 0, 2;
    %concat/vec4; draw_concat_vec4
    %load/vec4 v0x55c3c43d8020_0;
    %parti/s 1, 1, 2;
    %concat/vec4; draw_concat_vec4
    %load/vec4 v0x55c3c43d8020_0;
    %parti/s 1, 3, 3;
    %concat/vec4; draw_concat_vec4
    %store/vec4 v0x55c3c4407520_0, 0, 4;
    %jmp T_0.26;
T_0.11 ;
    %load/vec4 v0x55c3c43d8020_0;
    %parti/s 1, 1, 2;
    %load/vec4 v0x55c3c43d8020_0;
    %parti/s 1, 3, 3;
    %concat/vec4; draw_concat_vec4
    %load/vec4 v0x55c3c43d8020_0;
    %parti/s 3, 0, 2;
    %concat/vec4; draw_concat_vec4
    %pad/u 4;
    %store/vec4 v0x55c3c4407520_0, 0, 4;
    %jmp T_0.26;
T_0.12 ;
    %load/vec4 v0x55c3c43d8020_0;
    %parti/s 1, 3, 3;
    %load/vec4 v0x55c3c43d8020_0;
    %parti/s 2, 0, 2;
    %concat/vec4; draw_concat_vec4
    %load/vec4 v0x55c3c43d8020_0;
    %parti/s 1, 2, 3;
    %concat/vec4; draw_concat_vec4
    %store/vec4 v0x55c3c4407520_0, 0, 4;
    %jmp T_0.26;
T_0.13 ;
    %load/vec4 v0x55c3c43d8020_0;
    %parti/s 1, 0, 2;
    %load/vec4 v0x55c3c43d8020_0;
    %parti/s 3, 1, 2;
    %concat/vec4; draw_concat_vec4
    %load/vec4 v0x55c3c43d8020_0;
    %parti/s 1, 2, 3;
    %concat/vec4; draw_concat_vec4
    %pad/u 4;
    %store/vec4 v0x55c3c4407520_0, 0, 4;
    %jmp T_0.26;
T_0.14 ;
    %load/vec4 v0x55c3c43d8020_0;
    %parti/s 2, 1, 2;
    %load/vec4 v0x55c3c43d8020_0;
    %concat/vec4; draw_concat_vec4
    %pad/u 4;
    %store/vec4 v0x55c3c4407520_0, 0, 4;
    %jmp T_0.26;
T_0.15 ;
    %load/vec4 v0x55c3c43d8020_0;
    %parti/s 1, 1, 2;
    %load/vec4 v0x55c3c43d8020_0;
    %parti/s 2, 2, 3;
    %concat/vec4; draw_concat_vec4
    %load/vec4 v0x55c3c43d8020_0;
    %parti/s 1, 0, 2;
    %concat/vec4; draw_concat_vec4
    %store/vec4 v0x55c3c4407520_0, 0, 4;
    %jmp T_0.26;
T_0.16 ;
    %load/vec4 v0x55c3c43d8020_0;
    %parti/s 2, 2, 3;
    %load/vec4 v0x55c3c43d8020_0;
    %parti/s 1, 0, 2;
    %concat/vec4; draw_concat_vec4
    %load/vec4 v0x55c3c43d8020_0;
    %parti/s 1, 1, 2;
    %concat/vec4; draw_concat_vec4
    %store/vec4 v0x55c3c4407520_0, 0, 4;
    %jmp T_0.26;
T_0.17 ;
    %load/vec4 v0x55c3c43d8020_0;
    %parti/s 2, 0, 2;
    %load/vec4 v0x55c3c43d8020_0;
    %parti/s 1, 3, 3;
    %concat/vec4; draw_concat_vec4
    %load/vec4 v0x55c3c43d8020_0;
    %parti/s 1, 2, 3;
    %concat/vec4; draw_concat_vec4
    %store/vec4 v0x55c3c4407520_0, 0, 4;
    %jmp T_0.26;
T_0.18 ;
    %load/vec4 v0x55c3c43d8020_0;
    %parti/s 1, 3, 3;
    %load/vec4 v0x55c3c43d8020_0;
    %parti/s 1, 0, 2;
    %concat/vec4; draw_concat_vec4
    %load/vec4 v0x55c3c43d8020_0;
    %parti/s 2, 1, 2;
    %concat/vec4; draw_concat_vec4
    %store/vec4 v0x55c3c4407520_0, 0, 4;
    %jmp T_0.26;
T_0.19 ;
    %load/vec4 v0x55c3c43d8020_0;
    %parti/s 1, 2, 3;
    %load/vec4 v0x55c3c43d8020_0;
    %parti/s 1, 1, 2;
    %concat/vec4; draw_concat_vec4
    %load/vec4 v0x55c3c43d8020_0;
    %parti/s 1, 0, 2;
    %concat/vec4; draw_concat_vec4
    %load/vec4 v0x55c3c43d8020_0;
    %parti/s 1, 3, 3;
    %concat/vec4; draw_concat_vec4
    %store/vec4 v0x55c3c4407520_0, 0, 4;
    %jmp T_0.26;
T_0.20 ;
    %load/vec4 v0x55c3c43d8020_0;
    %parti/s 1, 0, 2;
    %load/vec4 v0x55c3c43d8020_0;
    %parti/s 3, 1, 2;
    %concat/vec4; draw_concat_vec4
    %load/vec4 v0x55c3c43d8020_0;
    %parti/s 1, 2, 3;
    %concat/vec4; draw_concat_vec4
    %pad/u 4;
    %store/vec4 v0x55c3c4407520_0, 0, 4;
    %jmp T_0.26;
T_0.21 ;
    %load/vec4 v0x55c3c43d8020_0;
    %parti/s 2, 1, 2;
    %load/vec4 v0x55c3c43d8020_0;
    %parti/s 1, 0, 2;
    %concat/vec4; draw_concat_vec4
    %load/vec4 v0x55c3c43d8020_0;
    %parti/s 1, 3, 3;
    %concat/vec4; draw_concat_vec4
    %store/vec4 v0x55c3c4407520_0, 0, 4;
    %jmp T_0.26;
T_0.22 ;
    %load/vec4 v0x55c3c43d8020_0;
    %parti/s 1, 3, 3;
    %load/vec4 v0x55c3c43d8020_0;
    %parti/s 1, 1, 2;
    %concat/vec4; draw_concat_vec4
    %load/vec4 v0x55c3c43d8020_0;
    %parti/s 1, 0, 2;
    %concat/vec4; draw_concat_vec4
    %load/vec4 v0x55c3c43d8020_0;
    %parti/s 1, 2, 3;
    %concat/vec4; draw_concat_vec4
    %store/vec4 v0x55c3c4407520_0, 0, 4;
    %jmp T_0.26;
T_0.23 ;
    %load/vec4 v0x55c3c43d8020_0;
    %parti/s 1, 0, 2;
    %load/vec4 v0x55c3c43d8020_0;
    %parti/s 1, 2, 3;
    %concat/vec4; draw_concat_vec4
    %load/vec4 v0x55c3c43d8020_0;
    %parti/s 1, 3, 3;
    %concat/vec4; draw_concat_vec4
    %load/vec4 v0x55c3c43d8020_0;
    %parti/s 1, 1, 2;
    %concat/vec4; draw_concat_vec4
    %store/vec4 v0x55c3c4407520_0, 0, 4;
    %jmp T_0.26;
T_0.24 ;
    %load/vec4 v0x55c3c43d8020_0;
    %parti/s 1, 1, 2;
    %load/vec4 v0x55c3c43d8020_0;
    %parti/s 1, 2, 3;
    %concat/vec4; draw_concat_vec4
    %load/vec4 v0x55c3c43d8020_0;
    %parti/s 1, 3, 3;
    %concat/vec4; draw_concat_vec4
    %load/vec4 v0x55c3c43d8020_0;
    %parti/s 1, 0, 2;
    %concat/vec4; draw_concat_vec4
    %store/vec4 v0x55c3c4407520_0, 0, 4;
    %jmp T_0.26;
T_0.26 ;
    %pop/vec4 1;
    %jmp T_0;
    .thread T_0, $push;
    .scope S_0x55c3c43a6fd0;
T_1 ;
    %delay 1410065408, 2;
    %vpi_func 3 9 "$random" 32 {0 0 0};
    %pad/s 5;
    %store/vec4 v0x55c3c4407900_0, 0, 5;
    %delay 1410065408, 2;
    %vpi_func 3 11 "$random" 32 {0 0 0};
    %pad/s 4;
    %store/vec4 v0x55c3c4407740_0, 0, 4;
    %jmp T_1;
    .thread T_1;
    .scope S_0x55c3c43a6fd0;
T_2 ;
    %vpi_call/w 3 15 "$dumpvars", 32'sb00000000000000000000000000000000, S_0x55c3c43a6fd0 {0 0 0};
    %pushi/vec4 0, 0, 4;
    %store/vec4 v0x55c3c4407740_0, 0, 4;
    %delay 1136082944, 186;
    %vpi_call/w 3 17 "$finish" {0 0 0};
    %end;
    .thread T_2;
# The file index is used to find the file name in the following table.
:file_names 5;
    "N/A";
    "<interactive>";
    "-";
    "tb.v";
    "busPermutator.v";
