#! /usr/local/bin/vvp
:ivl_version "13.0 (devel)" "(s20221226-372-g9a0ce046c)";
:ivl_delay_selection "TYPICAL";
:vpi_time_precision - 9;
:vpi_module "/usr/local/lib/ivl/system.vpi";
:vpi_module "/usr/local/lib/ivl/vhdl_sys.vpi";
:vpi_module "/usr/local/lib/ivl/vhdl_textio.vpi";
:vpi_module "/usr/local/lib/ivl/v2005_math.vpi";
:vpi_module "/usr/local/lib/ivl/va_math.vpi";
S_0x55fb5f0384b0 .scope module, "testbench" "testbench" 2 3;
 .timescale -9 -9;
v0x55fb5f0543b0_0 .var "clk", 0 0;
v0x55fb5f054470_0 .var "din", 31 0;
v0x55fb5f054510_0 .net "dout", 31 0, v0x55fb5f053d10_0;  1 drivers
v0x55fb5f0545e0_0 .net "parity", 3 0, L_0x55fb5f054df0;  1 drivers
v0x55fb5f0546b0_0 .var "rst_n", 0 0;
S_0x55fb5f038640 .scope module, "dut" "parity" 2 11, 3 3 0, S_0x55fb5f0384b0;
 .timescale -9 -9;
    .port_info 0 /INPUT 1 "clk";
    .port_info 1 /INPUT 1 "rst_n";
    .port_info 2 /INPUT 32 "din";
    .port_info 3 /OUTPUT 32 "dout";
    .port_info 4 /OUTPUT 4 "parity";
v0x55fb5f01e9b0_0 .net "Q0", 7 0, L_0x55fb5f054750;  1 drivers
v0x55fb5f053520_0 .net "Q1", 7 0, L_0x55fb5f054870;  1 drivers
v0x55fb5f053600_0 .net "Q2", 7 0, L_0x55fb5f054910;  1 drivers
v0x55fb5f0536c0_0 .net "Q3", 7 0, L_0x55fb5f0549e0;  1 drivers
v0x55fb5f0537a0_0 .net *"_ivl_11", 0 0, L_0x55fb5f054ae0;  1 drivers
v0x55fb5f0538d0_0 .net *"_ivl_15", 0 0, L_0x55fb5f054be0;  1 drivers
v0x55fb5f0539b0_0 .net *"_ivl_19", 0 0, L_0x55fb5f054d20;  1 drivers
v0x55fb5f053a90_0 .net *"_ivl_24", 0 0, L_0x55fb5f055000;  1 drivers
v0x55fb5f053b70_0 .net "clk", 0 0, v0x55fb5f0543b0_0;  1 drivers
v0x55fb5f053c30_0 .net "din", 31 0, v0x55fb5f054470_0;  1 drivers
v0x55fb5f053d10_0 .var "dout", 31 0;
v0x55fb5f053df0_0 .var "onesQ0", 2 0;
v0x55fb5f053ed0_0 .var "onesQ1", 2 0;
v0x55fb5f053fb0_0 .var "onesQ2", 2 0;
v0x55fb5f054090_0 .var "onesQ3", 2 0;
v0x55fb5f054170_0 .net "parity", 3 0, L_0x55fb5f054df0;  alias, 1 drivers
v0x55fb5f054250_0 .net "rst_n", 0 0, v0x55fb5f0546b0_0;  1 drivers
E_0x55fb5f032560/0 .event negedge, v0x55fb5f054250_0;
E_0x55fb5f032560/1 .event posedge, v0x55fb5f053b70_0;
E_0x55fb5f032560 .event/or E_0x55fb5f032560/0, E_0x55fb5f032560/1;
L_0x55fb5f054750 .part v0x55fb5f054470_0, 0, 8;
L_0x55fb5f054870 .part v0x55fb5f054470_0, 8, 8;
L_0x55fb5f054910 .part v0x55fb5f054470_0, 16, 8;
L_0x55fb5f0549e0 .part v0x55fb5f054470_0, 24, 8;
L_0x55fb5f054ae0 .part v0x55fb5f053df0_0, 0, 1;
L_0x55fb5f054be0 .part v0x55fb5f053ed0_0, 0, 1;
L_0x55fb5f054d20 .part v0x55fb5f053fb0_0, 0, 1;
L_0x55fb5f054df0 .concat8 [ 1 1 1 1], L_0x55fb5f054ae0, L_0x55fb5f054be0, L_0x55fb5f054d20, L_0x55fb5f055000;
L_0x55fb5f055000 .part v0x55fb5f054090_0, 0, 1;
    .scope S_0x55fb5f038640;
T_0 ;
    %wait E_0x55fb5f032560;
    %load/vec4 v0x55fb5f054250_0;
    %nor/r;
    %flag_set/vec4 8;
    %jmp/0xz  T_0.0, 8;
    %pushi/vec4 0, 0, 32;
    %assign/vec4 v0x55fb5f053d10_0, 0;
    %pushi/vec4 0, 0, 3;
    %store/vec4 v0x55fb5f053df0_0, 0, 3;
    %pushi/vec4 0, 0, 3;
    %store/vec4 v0x55fb5f053ed0_0, 0, 3;
    %pushi/vec4 0, 0, 3;
    %store/vec4 v0x55fb5f053fb0_0, 0, 3;
    %pushi/vec4 0, 0, 3;
    %store/vec4 v0x55fb5f054090_0, 0, 3;
    %jmp T_0.1;
T_0.0 ;
    %load/vec4 v0x55fb5f053c30_0;
    %assign/vec4 v0x55fb5f053d10_0, 0;
    %load/vec4 v0x55fb5f01e9b0_0;
    %parti/s 1, 7, 4;
    %pad/u 3;
    %load/vec4 v0x55fb5f01e9b0_0;
    %parti/s 1, 6, 4;
    %pad/u 3;
    %add;
    %load/vec4 v0x55fb5f01e9b0_0;
    %parti/s 1, 5, 4;
    %pad/u 3;
    %add;
    %load/vec4 v0x55fb5f01e9b0_0;
    %parti/s 1, 4, 4;
    %pad/u 3;
    %add;
    %load/vec4 v0x55fb5f01e9b0_0;
    %parti/s 1, 3, 3;
    %pad/u 3;
    %add;
    %load/vec4 v0x55fb5f01e9b0_0;
    %parti/s 1, 2, 3;
    %pad/u 3;
    %add;
    %load/vec4 v0x55fb5f01e9b0_0;
    %parti/s 1, 1, 2;
    %pad/u 3;
    %add;
    %load/vec4 v0x55fb5f01e9b0_0;
    %parti/s 1, 0, 2;
    %pad/u 3;
    %add;
    %assign/vec4 v0x55fb5f053df0_0, 0;
    %load/vec4 v0x55fb5f053520_0;
    %parti/s 1, 7, 4;
    %pad/u 3;
    %load/vec4 v0x55fb5f053520_0;
    %parti/s 1, 6, 4;
    %pad/u 3;
    %add;
    %load/vec4 v0x55fb5f053520_0;
    %parti/s 1, 5, 4;
    %pad/u 3;
    %add;
    %load/vec4 v0x55fb5f053520_0;
    %parti/s 1, 4, 4;
    %pad/u 3;
    %add;
    %load/vec4 v0x55fb5f053520_0;
    %parti/s 1, 3, 3;
    %pad/u 3;
    %add;
    %load/vec4 v0x55fb5f053520_0;
    %parti/s 1, 2, 3;
    %pad/u 3;
    %add;
    %load/vec4 v0x55fb5f053520_0;
    %parti/s 1, 1, 2;
    %pad/u 3;
    %add;
    %load/vec4 v0x55fb5f053520_0;
    %parti/s 1, 0, 2;
    %pad/u 3;
    %add;
    %assign/vec4 v0x55fb5f053ed0_0, 0;
    %load/vec4 v0x55fb5f053600_0;
    %parti/s 1, 7, 4;
    %pad/u 3;
    %load/vec4 v0x55fb5f053600_0;
    %parti/s 1, 6, 4;
    %pad/u 3;
    %add;
    %load/vec4 v0x55fb5f053600_0;
    %parti/s 1, 5, 4;
    %pad/u 3;
    %add;
    %load/vec4 v0x55fb5f053600_0;
    %parti/s 1, 4, 4;
    %pad/u 3;
    %add;
    %load/vec4 v0x55fb5f053600_0;
    %parti/s 1, 3, 3;
    %pad/u 3;
    %add;
    %load/vec4 v0x55fb5f053600_0;
    %parti/s 1, 2, 3;
    %pad/u 3;
    %add;
    %load/vec4 v0x55fb5f053600_0;
    %parti/s 1, 1, 2;
    %pad/u 3;
    %add;
    %load/vec4 v0x55fb5f053600_0;
    %parti/s 1, 0, 2;
    %pad/u 3;
    %add;
    %assign/vec4 v0x55fb5f053fb0_0, 0;
    %load/vec4 v0x55fb5f0536c0_0;
    %parti/s 1, 7, 4;
    %pad/u 3;
    %load/vec4 v0x55fb5f0536c0_0;
    %parti/s 1, 6, 4;
    %pad/u 3;
    %add;
    %load/vec4 v0x55fb5f0536c0_0;
    %parti/s 1, 5, 4;
    %pad/u 3;
    %add;
    %load/vec4 v0x55fb5f0536c0_0;
    %parti/s 1, 4, 4;
    %pad/u 3;
    %add;
    %load/vec4 v0x55fb5f0536c0_0;
    %parti/s 1, 3, 3;
    %pad/u 3;
    %add;
    %load/vec4 v0x55fb5f0536c0_0;
    %parti/s 1, 2, 3;
    %pad/u 3;
    %add;
    %load/vec4 v0x55fb5f0536c0_0;
    %parti/s 1, 1, 2;
    %pad/u 3;
    %add;
    %load/vec4 v0x55fb5f0536c0_0;
    %parti/s 1, 0, 2;
    %pad/u 3;
    %add;
    %assign/vec4 v0x55fb5f054090_0, 0;
T_0.1 ;
    %jmp T_0;
    .thread T_0;
    .scope S_0x55fb5f0384b0;
T_1 ;
    %pushi/vec4 0, 0, 1;
    %store/vec4 v0x55fb5f0543b0_0, 0, 1;
    %delay 10, 0;
    %pushi/vec4 1, 0, 1;
    %store/vec4 v0x55fb5f0543b0_0, 0, 1;
    %delay 5, 0;
    %vpi_func 2 18 "$random" 32 {0 0 0};
    %store/vec4 v0x55fb5f054470_0, 0, 32;
    %delay 5, 0;
    %jmp T_1;
    .thread T_1;
    .scope S_0x55fb5f0384b0;
T_2 ;
    %vpi_call 2 23 "$dumpvars", 32'sb00000000000000000000000000000000, S_0x55fb5f0384b0 {0 0 0};
    %pushi/vec4 0, 0, 1;
    %store/vec4 v0x55fb5f0546b0_0, 0, 1;
    %delay 100, 0;
    %pushi/vec4 1, 0, 1;
    %store/vec4 v0x55fb5f0546b0_0, 0, 1;
    %delay 800, 0;
    %vpi_call 2 27 "$finish" {0 0 0};
    %end;
    .thread T_2;
# The file index is used to find the file name in the following table.
:file_names 4;
    "N/A";
    "<interactive>";
    "tb.v";
    "./parity.v";
